{"meta": {"format": 3, "version": "7.11.1", "timestamp": "2025-11-08T00:41:14.850598", "branch_coverage": false, "show_contexts": false}, "files": {"dsconv/3dsconv.py": {"executed_lines": [], "summary": {"covered_lines": 0, "num_statements": 402, "percent_covered": 0.0, "percent_covered_display": "0", "missing_lines": 402, "excluded_lines": 0}, "missing_lines": [7, 8, 9, 10, 11, 12, 13, 14, 15, 16, 17, 20, 21, 24, 27, 31, 39, 47, 55, 59, 65, 71, 73, 77, 87, 92, 95, 96, 97, 99, 103, 104, 105, 107, 108, 109, 111, 113, 119, 158, 162, 163, 164, 169, 170, 176, 177, 178, 182, 183, 184, 185, 189, 190, 194, 196, 197, 198, 201, 202, 204, 205, 206, 211, 213, 215, 216, 217, 218, 219, 220, 221, 223, 224, 226, 227, 228, 230, 231, 232, 233, 234, 235, 237, 238, 239, 240, 241, 242, 243, 244, 246, 247, 255, 256, 257, 259, 260, 261, 264, 265, 266, 267, 268, 269, 270, 271, 272, 273, 274, 275, 276, 277, 279, 280, 281, 282, 283, 285, 286, 288, 289, 290, 291, 292, 293, 294, 297, 298, 299, 300, 305, 306, 307, 308, 309, 310, 312, 313, 314, 315, 316, 318, 321, 322, 323, 324, 326, 327, 328, 330, 331, 334, 335, 336, 337, 339, 340, 341, 342, 343, 344, 346, 347, 348, 349, 350, 352, 364, 367, 368, 370, 371, 372, 373, 374, 375, 377, 378, 379, 382, 383, 384, 385, 386, 389, 390, 391, 392, 395, 398, 399, 400, 403, 404, 405, 408, 409, 410, 414, 415, 416, 417, 418, 421, 423, 424, 425, 427, 428, 429, 435, 438, 439, 440, 441, 442, 444, 445, 446, 447, 452, 454, 468, 469, 470, 471, 472, 473, 474, 475, 476, 477, 478, 479, 480, 484, 485, 487, 490, 491, 492, 493, 494, 497, 500, 502, 503, 504, 505, 506, 509, 510, 511, 512, 513, 514, 515, 516, 519, 520, 521, 523, 524, 525, 526, 527, 528, 529, 530, 531, 535, 538, 539, 540, 541, 542, 543, 544, 545, 546, 547, 548, 554, 555, 556, 557, 558, 559, 560, 561, 562, 563, 564, 565, 566, 567, 570, 571, 574, 575, 576, 577, 579, 580, 581, 582, 584, 585, 586, 588, 590, 619, 622, 623, 626, 627, 628, 629, 632, 633, 636, 637, 638, 641, 642, 643, 644, 645, 646, 647, 648, 649, 650, 651, 652, 653, 654, 655, 656, 657, 658, 659, 661, 664, 665, 666, 667, 668, 669, 670, 671, 672, 673, 674, 675, 676, 677, 678, 679, 680, 681, 682, 683, 684, 685, 688, 689, 690, 691, 692, 693, 695, 696, 697, 698, 699, 700, 701, 702, 703, 704, 705, 706, 707, 708, 709, 714, 715, 716, 717, 718, 719, 721, 722, 725, 726, 727, 730, 731, 735, 737], "excluded_lines": [], "functions": {"main": {"executed_lines": [], "summary": {"covered_lines": 0, "num_statements": 1, "percent_covered": 0.0, "percent_covered_display": "0", "missing_lines": 1, "excluded_lines": 0}, "missing_lines": [21], "excluded_lines": []}, "parse_args": {"executed_lines": [], "summary": {"covered_lines": 0, "num_statements": 16, "percent_covered": 0.0, "percent_covered_display": "0", "missing_lines": 16, "excluded_lines": 0}, "missing_lines": [27, 31, 39, 47, 55, 59, 65, 71, 73, 77, 87, 92, 95, 96, 97, 99], "excluded_lines": []}, "rol": {"executed_lines": [], "summary": {"covered_lines": 0, "num_statements": 1, "percent_covered": 0.0, "percent_covered_display": "0", "missing_lines": 1, "excluded_lines": 0}, "missing_lines": [170], "excluded_lines": []}, "print_v": {"executed_lines": [], "summary": {"covered_lines": 0, "num_statements": 2, "percent_covered": 0.0, "percent_covered_display": "0", "missing_lines": 2, "excluded_lines": 0}, "missing_lines": [177, 178], "excluded_lines": []}, "v": {"executed_lines": [], "summary": {"covered_lines": 0, "num_statements": 3, "percent_covered": 0.0, "percent_covered_display": "0", "missing_lines": 3, "excluded_lines": 0}, "missing_lines": [183, 184, 185], "excluded_lines": []}, "error": {"executed_lines": [], "summary": {"covered_lines": 0, "num_statements": 1, "percent_covered": 0.0, "percent_covered_display": "0", "missing_lines": 1, "excluded_lines": 0}, "missing_lines": [190], "excluded_lines": []}, "show_progress": {"executed_lines": [], "summary": {"covered_lines": 0, "num_statements": 3, "percent_covered": 0.0, "percent_covered_display": "0", "missing_lines": 3, "excluded_lines": 0}, "missing_lines": [196, 197, 198], "excluded_lines": []}, "check_path": {"executed_lines": [], "summary": {"covered_lines": 0, "num_statements": 7, "percent_covered": 0.0, "percent_covered_display": "0", "missing_lines": 7, "excluded_lines": 0}, "missing_lines": [215, 216, 217, 218, 219, 220, 221], "excluded_lines": []}, "set_keys_from_prod_keys": {"executed_lines": [], "summary": {"covered_lines": 0, "num_statements": 16, "percent_covered": 0.0, "percent_covered_display": "0", "missing_lines": 16, "excluded_lines": 0}, "missing_lines": [260, 261, 264, 265, 266, 267, 268, 269, 270, 271, 272, 273, 274, 275, 276, 277], "excluded_lines": []}, "check_prod_keys_path": {"executed_lines": [], "summary": {"covered_lines": 0, "num_statements": 6, "percent_covered": 0.0, "percent_covered_display": "0", "missing_lines": 6, "excluded_lines": 0}, "missing_lines": [280, 281, 282, 283, 285, 286], "excluded_lines": []}, "set_keys": {"executed_lines": [], "summary": {"covered_lines": 0, "num_statements": 16, "percent_covered": 0.0, "percent_covered_display": "0", "missing_lines": 16, "excluded_lines": 0}, "missing_lines": [289, 290, 291, 292, 293, 294, 297, 298, 299, 300, 305, 306, 307, 308, 309, 310], "excluded_lines": []}, "check_boot9_path": {"executed_lines": [], "summary": {"covered_lines": 0, "num_statements": 5, "percent_covered": 0.0, "percent_covered_display": "0", "missing_lines": 5, "excluded_lines": 0}, "missing_lines": [313, 314, 315, 316, 318], "excluded_lines": []}, "": {"executed_lines": [], "summary": {"covered_lines": 0, "num_statements": 325, "percent_covered": 0.0, "percent_covered_display": "0", "missing_lines": 325, "excluded_lines": 0}, "missing_lines": [7, 8, 9, 10, 11, 12, 13, 14, 15, 16, 17, 20, 24, 103, 104, 105, 107, 108, 109, 111, 113, 119, 158, 162, 163, 164, 169, 176, 182, 189, 194, 201, 202, 204, 205, 206, 211, 213, 223, 224, 226, 227, 228, 230, 231, 232, 233, 234, 235, 237, 238, 239, 240, 241, 242, 243, 244, 246, 247, 255, 256, 257, 259, 279, 288, 312, 321, 322, 323, 324, 326, 327, 328, 330, 331, 334, 335, 336, 337, 339, 340, 341, 342, 343, 344, 346, 347, 348, 349, 350, 352, 364, 367, 368, 370, 371, 372, 373, 374, 375, 377, 378, 379, 382, 383, 384, 385, 386, 389, 390, 391, 392, 395, 398, 399, 400, 403, 404, 405, 408, 409, 410, 414, 415, 416, 417, 418, 421, 423, 424, 425, 427, 428, 429, 435, 438, 439, 440, 441, 442, 444, 445, 446, 447, 452, 454, 468, 469, 470, 471, 472, 473, 474, 475, 476, 477, 478, 479, 480, 484, 485, 487, 490, 491, 492, 493, 494, 497, 500, 502, 503, 504, 505, 506, 509, 510, 511, 512, 513, 514, 515, 516, 519, 520, 521, 523, 524, 525, 526, 527, 528, 529, 530, 531, 535, 538, 539, 540, 541, 542, 543, 544, 545, 546, 547, 548, 554, 555, 556, 557, 558, 559, 560, 561, 562, 563, 564, 565, 566, 567, 570, 571, 574, 575, 576, 577, 579, 580, 581, 582, 584, 585, 586, 588, 590, 619, 622, 623, 626, 627, 628, 629, 632, 633, 636, 637, 638, 641, 642, 643, 644, 645, 646, 647, 648, 649, 650, 651, 652, 653, 654, 655, 656, 657, 658, 659, 661, 664, 665, 666, 667, 668, 669, 670, 671, 672, 673, 674, 675, 676, 677, 678, 679, 680, 681, 682, 683, 684, 685, 688, 689, 690, 691, 692, 693, 695, 696, 697, 698, 699, 700, 701, 702, 703, 704, 705, 706, 707, 708, 709, 714, 715, 716, 717, 718, 719, 721, 722, 725, 726, 727, 730, 731, 735, 737], "excluded_lines": []}}, "classes": {"": {"executed_lines": [], "summary": {"covered_lines": 0, "num_statements": 402, "percent_covered": 0.0, "percent_covered_display": "0", "missing_lines": 402, "excluded_lines": 0}, "missing_lines": [7, 8, 9, 10, 11, 12, 13, 14, 15, 16, 17, 20, 21, 24, 27, 31, 39, 47, 55, 59, 65, 71, 73, 77, 87, 92, 95, 96, 97, 99, 103, 104, 105, 107, 108, 109, 111, 113, 119, 158, 162, 163, 164, 169, 170, 176, 177, 178, 182, 183, 184, 185, 189, 190, 194, 196, 197, 198, 201, 202, 204, 205, 206, 211, 213, 215, 216, 217, 218, 219, 220, 221, 223, 224, 226, 227, 228, 230, 231, 232, 233, 234, 235, 237, 238, 239, 240, 241, 242, 243, 244, 246, 247, 255, 256, 257, 259, 260, 261, 264, 265, 266, 267, 268, 269, 270, 271, 272, 273, 274, 275, 276, 277, 279, 280, 281, 282, 283, 285, 286, 288, 289, 290, 291, 292, 293, 294, 297, 298, 299, 300, 305, 306, 307, 308, 309, 310, 312, 313, 314, 315, 316, 318, 321, 322, 323, 324, 326, 327, 328, 330, 331, 334, 335, 336, 337, 339, 340, 341, 342, 343, 344, 346, 347, 348, 349, 350, 352, 364, 367, 368, 370, 371, 372, 373, 374, 375, 377, 378, 379, 382, 383, 384, 385, 386, 389, 390, 391, 392, 395, 398, 399, 400, 403, 404, 405, 408, 409, 410, 414, 415, 416, 417, 418, 421, 423, 424, 425, 427, 428, 429, 435, 438, 439, 440, 441, 442, 444, 445, 446, 447, 452, 454, 468, 469, 470, 471, 472, 473, 474, 475, 476, 477, 478, 479, 480, 484, 485, 487, 490, 491, 492, 493, 494, 497, 500, 502, 503, 504, 505, 506, 509, 510, 511, 512, 513, 514, 515, 516, 519, 520, 521, 523, 524, 525, 526, 527, 528, 529, 530, 531, 535, 538, 539, 540, 541, 542, 543, 544, 545, 546, 547, 548, 554, 555, 556, 557, 558, 559, 560, 561, 562, 563, 564, 565, 566, 567, 570, 571, 574, 575, 576, 577, 579, 580, 581, 582, 584, 585, 586, 588, 590, 619, 622, 623, 626, 627, 628, 629, 632, 633, 636, 637, 638, 641, 642, 643, 644, 645, 646, 647, 648, 649, 650, 651, 652, 653, 654, 655, 656, 657, 658, 659, 661, 664, 665, 666, 667, 668, 669, 670, 671, 672, 673, 674, 675, 676, 677, 678, 679, 680, 681, 682, 683, 684, 685, 688, 689, 690, 691, 692, 693, 695, 696, 697, 698, 699, 700, 701, 702, 703, 704, 705, 706, 707, 708, 709, 714, 715, 716, 717, 718, 719, 721, 722, 725, 726, 727, 730, 731, 735, 737], "excluded_lines": []}}}, "dsconv/__init__.py": {"executed_lines": [0], "summary": {"covered_lines": 0, "num_statements": 0, "percent_covered": 100.0, "percent_covered_display": "100", "missing_lines": 0, "excluded_lines": 0}, "missing_lines": [], "excluded_lines": [], "functions": {"": {"executed_lines": [], "summary": {"covered_lines": 0, "num_statements": 0, "percent_covered": 100.0, "percent_covered_display": "100", "missing_lines": 0, "excluded_lines": 0}, "missing_lines": [], "excluded_lines": []}}, "classes": {"": {"executed_lines": [], "summary": {"covered_lines": 0, "num_statements": 0, "percent_covered": 100.0, "percent_covered_display": "100", "missing_lines": 0, "excluded_lines": 0}, "missing_lines": [], "excluded_lines": []}}}, "dsconv/__main__.py": {"executed_lines": [], "summary": {"covered_lines": 0, "num_statements": 9, "percent_covered": 0.0, "percent_covered_display": "0", "missing_lines": 9, "excluded_lines": 0}, "missing_lines": [6, 9, 16, 19, 20, 23, 29, 32, 33], "excluded_lines": [], "functions": {"main": {"executed_lines": [], "summary": {"covered_lines": 0, "num_statements": 5, "percent_covered": 0.0, "percent_covered_display": "0", "missing_lines": 5, "excluded_lines": 0}, "missing_lines": [16, 19, 20, 23, 29], "excluded_lines": []}, "": {"executed_lines": [], "summary": {"covered_lines": 0, "num_statements": 4, "percent_covered": 0.0, "percent_covered_display": "0", "missing_lines": 4, "excluded_lines": 0}, "missing_lines": [6, 9, 32, 33], "excluded_lines": []}}, "classes": {"": {"executed_lines": [], "summary": {"covered_lines": 0, "num_statements": 9, "percent_covered": 0.0, "percent_covered_display": "0", "missing_lines": 9, "excluded_lines": 0}, "missing_lines": [6, 9, 16, 19, 20, 23, 29, 32, 33], "excluded_lines": []}}}, "dsconv/models/__init__.py": {"executed_lines": [1, 3, 4, 5, 6, 8], "summary": {"covered_lines": 5, "num_statements": 5, "percent_covered": 100.0, "percent_covered_display": "100", "missing_lines": 0, "excluded_lines": 0}, "missing_lines": [], "excluded_lines": [], "functions": {"": {"executed_lines": [1, 3, 4, 5, 6, 8], "summary": {"covered_lines": 5, "num_statements": 5, "percent_covered": 100.0, "percent_covered_display": "100", "missing_lines": 0, "excluded_lines": 0}, "missing_lines": [], "excluded_lines": []}}, "classes": {"": {"executed_lines": [1, 3, 4, 5, 6, 8], "summary": {"covered_lines": 5, "num_statements": 5, "percent_covered": 100.0, "percent_covered_display": "100", "missing_lines": 0, "excluded_lines": 0}, "missing_lines": [], "excluded_lines": []}}}, "dsconv/models/cia.py": {"executed_lines": [1, 3, 4, 7, 8, 9, 32, 33, 34, 35, 36, 37, 38, 39, 40, 42, 44, 45, 46, 47, 48, 49, 50, 51, 52, 53, 54, 55, 56, 57, 58, 59, 60, 61, 65, 66, 76, 77, 79, 80, 86, 88, 89, 95, 97, 98, 104, 106, 107, 113, 115, 116, 122, 124, 125, 131, 133, 134, 144, 146, 147, 170, 171, 176, 179, 182, 185, 188, 191, 194, 197, 200, 202, 215, 216, 217, 230, 231, 232, 233, 234, 236, 238, 239, 240, 241, 242, 243, 244, 245, 246, 247, 249, 250, 256, 258, 259, 265, 267, 268, 274, 276, 277, 296, 297, 302, 305, 308, 311, 314, 316], "summary": {"covered_lines": 108, "num_statements": 108, "percent_covered": 100.0, "percent_covered_display": "100", "missing_lines": 0, "excluded_lines": 0}, "missing_lines": [], "excluded_lines": [], "functions": {"CIAHeader.__post_init__": {"executed_lines": [44, 45, 46, 47, 48, 49, 50, 51, 52, 53, 54, 55, 56, 57, 58, 59, 60, 61], "summary": {"covered_lines": 18, "num_statements": 18, "percent_covered": 100.0, "percent_covered_display": "100", "missing_lines": 0, "excluded_lines": 0}, "missing_lines": [], "excluded_lines": []}, "CIAHeader.num_contents": {"executed_lines": [76, 77], "summary": {"covered_lines": 2, "num_statements": 2, "percent_covered": 100.0, "percent_covered_display": "100", "missing_lines": 0, "excluded_lines": 0}, "missing_lines": [], "excluded_lines": []}, "CIAHeader.has_multiple_contents": {"executed_lines": [86], "summary": {"covered_lines": 1, "num_statements": 1, "percent_covered": 100.0, "percent_covered_display": "100", "missing_lines": 0, "excluded_lines": 0}, "missing_lines": [], "excluded_lines": []}, "CIAHeader.cert_chain_offset": {"executed_lines": [95], "summary": {"covered_lines": 1, "num_statements": 1, "percent_covered": 100.0, "percent_covered_display": "100", "missing_lines": 0, "excluded_lines": 0}, "missing_lines": [], "excluded_lines": []}, "CIAHeader.ticket_offset": {"executed_lines": [104], "summary": {"covered_lines": 1, "num_statements": 1, "percent_covered": 100.0, "percent_covered_display": "100", "missing_lines": 0, "excluded_lines": 0}, "missing_lines": [], "excluded_lines": []}, "CIAHeader.tmd_offset": {"executed_lines": [113], "summary": {"covered_lines": 1, "num_statements": 1, "percent_covered": 100.0, "percent_covered_display": "100", "missing_lines": 0, "excluded_lines": 0}, "missing_lines": [], "excluded_lines": []}, "CIAHeader.content_offset": {"executed_lines": [122], "summary": {"covered_lines": 1, "num_statements": 1, "percent_covered": 100.0, "percent_covered_display": "100", "missing_lines": 0, "excluded_lines": 0}, "missing_lines": [], "excluded_lines": []}, "CIAHeader.meta_offset": {"executed_lines": [131], "summary": {"covered_lines": 1, "num_statements": 1, "percent_covered": 100.0, "percent_covered_display": "100", "missing_lines": 0, "excluded_lines": 0}, "missing_lines": [], "excluded_lines": []}, "CIAHeader._align_offset": {"executed_lines": [144], "summary": {"covered_lines": 1, "num_statements": 1, "percent_covered": 100.0, "percent_covered_display": "100", "missing_lines": 0, "excluded_lines": 0}, "missing_lines": [], "excluded_lines": []}, "CIAHeader.from_bytes": {"executed_lines": [170, 171, 176, 179, 182, 185, 188, 191, 194, 197, 200, 202], "summary": {"covered_lines": 12, "num_statements": 12, "percent_covered": 100.0, "percent_covered_display": "100", "missing_lines": 0, "excluded_lines": 0}, "missing_lines": [], "excluded_lines": []}, "CIAContent.__post_init__": {"executed_lines": [238, 239, 240, 241, 242, 243, 244, 245, 246, 247], "summary": {"covered_lines": 10, "num_statements": 10, "percent_covered": 100.0, "percent_covered_display": "100", "missing_lines": 0, "excluded_lines": 0}, "missing_lines": [], "excluded_lines": []}, "CIAContent.is_encrypted": {"executed_lines": [256], "summary": {"covered_lines": 1, "num_statements": 1, "percent_covered": 100.0, "percent_covered_display": "100", "missing_lines": 0, "excluded_lines": 0}, "missing_lines": [], "excluded_lines": []}, "CIAContent.is_optional": {"executed_lines": [265], "summary": {"covered_lines": 1, "num_statements": 1, "percent_covered": 100.0, "percent_covered_display": "100", "missing_lines": 0, "excluded_lines": 0}, "missing_lines": [], "excluded_lines": []}, "CIAContent.is_shared": {"executed_lines": [274], "summary": {"covered_lines": 1, "num_statements": 1, "percent_covered": 100.0, "percent_covered_display": "100", "missing_lines": 0, "excluded_lines": 0}, "missing_lines": [], "excluded_lines": []}, "CIAContent.from_bytes": {"executed_lines": [296, 297, 302, 305, 308, 311, 314, 316], "summary": {"covered_lines": 8, "num_statements": 8, "percent_covered": 100.0, "percent_covered_display": "100", "missing_lines": 0, "excluded_lines": 0}, "missing_lines": [], "excluded_lines": []}, "": {"executed_lines": [1, 3, 4, 7, 8, 9, 32, 33, 34, 35, 36, 37, 38, 39, 40, 42, 65, 66, 79, 80, 88, 89, 97, 98, 106, 107, 115, 116, 124, 125, 133, 134, 146, 147, 215, 216, 217, 230, 231, 232, 233, 234, 236, 249, 250, 258, 259, 267, 268, 276, 277], "summary": {"covered_lines": 48, "num_statements": 48, "percent_covered": 100.0, "percent_covered_display": "100", "missing_lines": 0, "excluded_lines": 0}, "missing_lines": [], "excluded_lines": []}}, "classes": {"CIAHeader": {"executed_lines": [44, 45, 46, 47, 48, 49, 50, 51, 52, 53, 54, 55, 56, 57, 58, 59, 60, 61, 76, 77, 86, 95, 104, 113, 122, 131, 144, 170, 171, 176, 179, 182, 185, 188, 191, 194, 197, 200, 202], "summary": {"covered_lines": 39, "num_statements": 39, "percent_covered": 100.0, "percent_covered_display": "100", "missing_lines": 0, "excluded_lines": 0}, "missing_lines": [], "excluded_lines": []}, "CIAContent": {"executed_lines": [238, 239, 240, 241, 242, 243, 244, 245, 246, 247, 256, 265, 274, 296, 297, 302, 305, 308, 311, 314, 316], "summary": {"covered_lines": 21, "num_statements": 21, "percent_covered": 100.0, "percent_covered_display": "100", "missing_lines": 0, "excluded_lines": 0}, "missing_lines": [], "excluded_lines": []}, "": {"executed_lines": [1, 3, 4, 7, 8, 9, 32, 33, 34, 35, 36, 37, 38, 39, 40, 42, 65, 66, 79, 80, 88, 89, 97, 98, 106, 107, 115, 116, 124, 125, 133, 134, 146, 147, 215, 216, 217, 230, 231, 232, 233, 234, 236, 249, 250, 258, 259, 267, 268, 276, 277], "summary": {"covered_lines": 48, "num_statements": 48, "percent_covered": 100.0, "percent_covered_display": "100", "missing_lines": 0, "excluded_lines": 0}, "missing_lines": [], "excluded_lines": []}}}, "dsconv/models/encryption.py": {"executed_lines": [1, 8, 9, 12, 13, 25, 26, 27, 30, 31, 32, 56, 57, 58, 60, 68, 69, 73, 74, 76, 77, 81, 82, 92, 94, 95, 101, 103, 104, 110, 112, 113, 119], "summary": {"covered_lines": 30, "num_statements": 30, "percent_covered": 100.0, "percent_covered_display": "100", "missing_lines": 0, "excluded_lines": 0}, "missing_lines": [], "excluded_lines": [], "functions": {"EncryptionContext.__post_init__": {"executed_lines": [68, 69, 73, 74, 76, 77], "summary": {"covered_lines": 6, "num_statements": 6, "percent_covered": 100.0, "percent_covered_display": "100", "missing_lines": 0, "excluded_lines": 0}, "missing_lines": [], "excluded_lines": []}, "EncryptionContext.needs_decryption": {"executed_lines": [92], "summary": {"covered_lines": 1, "num_statements": 1, "percent_covered": 100.0, "percent_covered_display": "100", "missing_lines": 0, "excluded_lines": 0}, "missing_lines": [], "excluded_lines": []}, "EncryptionContext.is_decrypted": {"executed_lines": [101], "summary": {"covered_lines": 1, "num_statements": 1, "percent_covered": 100.0, "percent_covered_display": "100", "missing_lines": 0, "excluded_lines": 0}, "missing_lines": [], "excluded_lines": []}, "EncryptionContext.is_zerokey": {"executed_lines": [110], "summary": {"covered_lines": 1, "num_statements": 1, "percent_covered": 100.0, "percent_covered_display": "100", "missing_lines": 0, "excluded_lines": 0}, "missing_lines": [], "excluded_lines": []}, "EncryptionContext.is_original_ncch": {"executed_lines": [119], "summary": {"covered_lines": 1, "num_statements": 1, "percent_covered": 100.0, "percent_covered_display": "100", "missing_lines": 0, "excluded_lines": 0}, "missing_lines": [], "excluded_lines": []}, "": {"executed_lines": [1, 8, 9, 12, 13, 25, 26, 27, 30, 31, 32, 56, 57, 58, 60, 81, 82, 94, 95, 103, 104, 112, 113], "summary": {"covered_lines": 20, "num_statements": 20, "percent_covered": 100.0, "percent_covered_display": "100", "missing_lines": 0, "excluded_lines": 0}, "missing_lines": [], "excluded_lines": []}}, "classes": {"EncryptionType": {"executed_lines": [], "summary": {"covered_lines": 0, "num_statements": 0, "percent_covered": 100.0, "percent_covered_display": "100", "missing_lines": 0, "excluded_lines": 0}, "missing_lines": [], "excluded_lines": []}, "EncryptionContext": {"executed_lines": [68, 69, 73, 74, 76, 77, 92, 101, 110, 119], "summary": {"covered_lines": 10, "num_statements": 10, "percent_covered": 100.0, "percent_covered_display": "100", "missing_lines": 0, "excluded_lines": 0}, "missing_lines": [], "excluded_lines": []}, "": {"executed_lines": [1, 8, 9, 12, 13, 25, 26, 27, 30, 31, 32, 56, 57, 58, 60, 81, 82, 94, 95, 103, 104, 112, 113], "summary": {"covered_lines": 20, "num_statements": 20, "percent_covered": 100.0, "percent_covered_display": "100", "missing_lines": 0, "excluded_lines": 0}, "missing_lines": [], "excluded_lines": []}}}, "dsconv/models/ncch.py": {"executed_lines": [1, 3, 4, 7, 8, 9, 35, 36, 37, 38, 39, 40, 41, 42, 43, 44, 45, 46, 48, 50, 51, 52, 53, 54, 55, 56, 57, 58, 59, 60, 61, 62, 63, 64, 65, 67, 68, 80, 82, 84, 85, 93, 95, 97, 98, 106, 108, 109, 117, 119, 120, 146, 147, 152, 155, 158, 161, 164, 167, 170, 173, 176, 179, 182, 185, 187], "summary": {"covered_lines": 64, "num_statements": 64, "percent_covered": 100.0, "percent_covered_display": "100", "missing_lines": 0, "excluded_lines": 0}, "missing_lines": [], "excluded_lines": [], "functions": {"NCCHHeader.__post_init__": {"executed_lines": [50, 51, 52, 53, 54, 55, 56, 57, 58, 59, 60, 61, 62, 63, 64, 65], "summary": {"covered_lines": 16, "num_statements": 16, "percent_covered": 100.0, "percent_covered_display": "100", "missing_lines": 0, "excluded_lines": 0}, "missing_lines": [], "excluded_lines": []}, "NCCHHeader.is_encrypted": {"executed_lines": [80, 82], "summary": {"covered_lines": 2, "num_statements": 2, "percent_covered": 100.0, "percent_covered_display": "100", "missing_lines": 0, "excluded_lines": 0}, "missing_lines": [], "excluded_lines": []}, "NCCHHeader.uses_zerokey": {"executed_lines": [93, 95], "summary": {"covered_lines": 2, "num_statements": 2, "percent_covered": 100.0, "percent_covered_display": "100", "missing_lines": 0, "excluded_lines": 0}, "missing_lines": [], "excluded_lines": []}, "NCCHHeader.size_bytes": {"executed_lines": [106], "summary": {"covered_lines": 1, "num_statements": 1, "percent_covered": 100.0, "percent_covered_display": "100", "missing_lines": 0, "excluded_lines": 0}, "missing_lines": [], "excluded_lines": []}, "NCCHHeader.title_id": {"executed_lines": [117], "summary": {"covered_lines": 1, "num_statements": 1, "percent_covered": 100.0, "percent_covered_display": "100", "missing_lines": 0, "excluded_lines": 0}, "missing_lines": [], "excluded_lines": []}, "NCCHHeader.from_bytes": {"executed_lines": [146, 147, 152, 155, 158, 161, 164, 167, 170, 173, 176, 179, 182, 185, 187], "summary": {"covered_lines": 15, "num_statements": 15, "percent_covered": 100.0, "percent_covered_display": "100", "missing_lines": 0, "excluded_lines": 0}, "missing_lines": [], "excluded_lines": []}, "": {"executed_lines": [1, 3, 4, 7, 8, 9, 35, 36, 37, 38, 39, 40, 41, 42, 43, 44, 45, 46, 48, 67, 68, 84, 85, 97, 98, 108, 109, 119, 120], "summary": {"covered_lines": 27, "num_statements": 27, "percent_covered": 100.0, "percent_covered_display": "100", "missing_lines": 0, "excluded_lines": 0}, "missing_lines": [], "excluded_lines": []}}, "classes": {"NCCHHeader": {"executed_lines": [50, 51, 52, 53, 54, 55, 56, 57, 58, 59, 60, 61, 62, 63, 64, 65, 80, 82, 93, 95, 106, 117, 146, 147, 152, 155, 158, 161, 164, 167, 170, 173, 176, 179, 182, 185, 187], "summary": {"covered_lines": 37, "num_statements": 37, "percent_covered": 100.0, "percent_covered_display": "100", "missing_lines": 0, "excluded_lines": 0}, "missing_lines": [], "excluded_lines": []}, "": {"executed_lines": [1, 3, 4, 7, 8, 9, 35, 36, 37, 38, 39, 40, 41, 42, 43, 44, 45, 46, 48, 67, 68, 84, 85, 97, 98, 108, 109, 119, 120], "summary": {"covered_lines": 27, "num_statements": 27, "percent_covered": 100.0, "percent_covered_display": "100", "missing_lines": 0, "excluded_lines": 0}, "missing_lines": [], "excluded_lines": []}}}, "dsconv/models/ncsd.py": {"executed_lines": [1, 3, 4, 7, 8, 9, 22, 23, 24, 26, 28, 29, 30, 31, 32, 33, 37, 38, 44, 46, 47, 53, 56, 57, 58, 71, 72, 73, 75, 77, 78, 79, 80, 81, 82, 83, 84, 86, 92, 93, 94, 95, 97, 106, 107, 108, 109, 111, 120, 122, 123, 149, 150, 155, 159, 163, 164, 175, 176, 178, 180, 183, 184, 188], "summary": {"covered_lines": 61, "num_statements": 61, "percent_covered": 100.0, "percent_covered_display": "100", "missing_lines": 0, "excluded_lines": 0}, "missing_lines": [], "excluded_lines": [], "functions": {"NCSDPartition.__post_init__": {"executed_lines": [28, 29, 30, 31, 32, 33], "summary": {"covered_lines": 6, "num_statements": 6, "percent_covered": 100.0, "percent_covered_display": "100", "missing_lines": 0, "excluded_lines": 0}, "missing_lines": [], "excluded_lines": []}, "NCSDPartition.offset_bytes": {"executed_lines": [44], "summary": {"covered_lines": 1, "num_statements": 1, "percent_covered": 100.0, "percent_covered_display": "100", "missing_lines": 0, "excluded_lines": 0}, "missing_lines": [], "excluded_lines": []}, "NCSDPartition.size_bytes": {"executed_lines": [53], "summary": {"covered_lines": 1, "num_statements": 1, "percent_covered": 100.0, "percent_covered_display": "100", "missing_lines": 0, "excluded_lines": 0}, "missing_lines": [], "excluded_lines": []}, "NCSDContainer.__post_init__": {"executed_lines": [77, 78, 79, 80, 81, 82, 83, 84], "summary": {"covered_lines": 8, "num_statements": 8, "percent_covered": 100.0, "percent_covered_display": "100", "missing_lines": 0, "excluded_lines": 0}, "missing_lines": [], "excluded_lines": []}, "NCSDContainer.get_game_partition": {"executed_lines": [92, 93, 94, 95], "summary": {"covered_lines": 4, "num_statements": 4, "percent_covered": 100.0, "percent_covered_display": "100", "missing_lines": 0, "excluded_lines": 0}, "missing_lines": [], "excluded_lines": []}, "NCSDContainer.get_partition_by_type": {"executed_lines": [106, 107, 108, 109], "summary": {"covered_lines": 4, "num_statements": 4, "percent_covered": 100.0, "percent_covered_display": "100", "missing_lines": 0, "excluded_lines": 0}, "missing_lines": [], "excluded_lines": []}, "NCSDContainer.get_all_partitions_by_type": {"executed_lines": [120], "summary": {"covered_lines": 1, "num_statements": 1, "percent_covered": 100.0, "percent_covered_display": "100", "missing_lines": 0, "excluded_lines": 0}, "missing_lines": [], "excluded_lines": []}, "NCSDContainer.from_bytes": {"executed_lines": [149, 150, 155, 159, 163, 164, 175, 176, 178, 180, 183, 184, 188], "summary": {"covered_lines": 13, "num_statements": 13, "percent_covered": 100.0, "percent_covered_display": "100", "missing_lines": 0, "excluded_lines": 0}, "missing_lines": [], "excluded_lines": []}, "": {"executed_lines": [1, 3, 4, 7, 8, 9, 22, 23, 24, 26, 37, 38, 46, 47, 56, 57, 58, 71, 72, 73, 75, 86, 97, 111, 122, 123], "summary": {"covered_lines": 23, "num_statements": 23, "percent_covered": 100.0, "percent_covered_display": "100", "missing_lines": 0, "excluded_lines": 0}, "missing_lines": [], "excluded_lines": []}}, "classes": {"NCSDPartition": {"executed_lines": [28, 29, 30, 31, 32, 33, 44, 53], "summary": {"covered_lines": 8, "num_statements": 8, "percent_covered": 100.0, "percent_covered_display": "100", "missing_lines": 0, "excluded_lines": 0}, "missing_lines": [], "excluded_lines": []}, "NCSDContainer": {"executed_lines": [77, 78, 79, 80, 81, 82, 83, 84, 92, 93, 94, 95, 106, 107, 108, 109, 120, 149, 150, 155, 159, 163, 164, 175, 176, 178, 180, 183, 184, 188], "summary": {"covered_lines": 30, "num_statements": 30, "percent_covered": 100.0, "percent_covered_display": "100", "missing_lines": 0, "excluded_lines": 0}, "missing_lines": [], "excluded_lines": []}, "": {"executed_lines": [1, 3, 4, 7, 8, 9, 22, 23, 24, 26, 37, 38, 46, 47, 56, 57, 58, 71, 72, 73, 75, 86, 97, 111, 122, 123], "summary": {"covered_lines": 23, "num_statements": 23, "percent_covered": 100.0, "percent_covered_display": "100", "missing_lines": 0, "excluded_lines": 0}, "missing_lines": [], "excluded_lines": []}}}, "dsconv/utils.py": {"executed_lines": [], "summary": {"covered_lines": 0, "num_statements": 57, "percent_covered": 0.0, "percent_covered_display": "0", "missing_lines": 57, "excluded_lines": 0}, "missing_lines": [8, 9, 10, 13, 16, 20, 28, 36, 44, 48, 54, 60, 62, 66, 76, 81, 84, 85, 86, 88, 91, 106, 111, 118, 121, 129, 130, 131, 134, 154, 155, 157, 158, 159, 161, 162, 163, 166, 167, 171, 172, 173, 176, 177, 179, 180, 181, 182, 186, 188, 191, 206, 208, 209, 211, 214, 216], "excluded_lines": [], "functions": {"parse_args": {"executed_lines": [], "summary": {"covered_lines": 0, "num_statements": 16, "percent_covered": 0.0, "percent_covered_display": "0", "missing_lines": 16, "excluded_lines": 0}, "missing_lines": [16, 20, 28, 36, 44, 48, 54, 60, 62, 66, 76, 81, 84, 85, 86, 88], "excluded_lines": []}, "rol": {"executed_lines": [], "summary": {"covered_lines": 0, "num_statements": 1, "percent_covered": 0.0, "percent_covered_display": "0", "missing_lines": 1, "excluded_lines": 0}, "missing_lines": [106], "excluded_lines": []}, "error": {"executed_lines": [], "summary": {"covered_lines": 0, "num_statements": 1, "percent_covered": 0.0, "percent_covered_display": "0", "missing_lines": 1, "excluded_lines": 0}, "missing_lines": [118], "excluded_lines": []}, "show_progress": {"executed_lines": [], "summary": {"covered_lines": 0, "num_statements": 3, "percent_covered": 0.0, "percent_covered_display": "0", "missing_lines": 3, "excluded_lines": 0}, "missing_lines": [129, 130, 131], "excluded_lines": []}, "parse_prod_keys": {"executed_lines": [], "summary": {"covered_lines": 0, "num_statements": 21, "percent_covered": 0.0, "percent_covered_display": "0", "missing_lines": 21, "excluded_lines": 0}, "missing_lines": [154, 155, 157, 158, 159, 161, 162, 163, 166, 167, 171, 172, 173, 176, 177, 179, 180, 181, 182, 186, 188], "excluded_lines": []}, "get_slot0x2c_key_from_prod_keys": {"executed_lines": [], "summary": {"covered_lines": 0, "num_statements": 6, "percent_covered": 0.0, "percent_covered_display": "0", "missing_lines": 6, "excluded_lines": 0}, "missing_lines": [206, 208, 209, 211, 214, 216], "excluded_lines": []}, "": {"executed_lines": [], "summary": {"covered_lines": 0, "num_statements": 9, "percent_covered": 0.0, "percent_covered_display": "0", "missing_lines": 9, "excluded_lines": 0}, "missing_lines": [8, 9, 10, 13, 91, 111, 121, 134, 191], "excluded_lines": []}}, "classes": {"": {"executed_lines": [], "summary": {"covered_lines": 0, "num_statements": 57, "percent_covered": 0.0, "percent_covered_display": "0", "missing_lines": 57, "excluded_lines": 0}, "missing_lines": [8, 9, 10, 13, 16, 20, 28, 36, 44, 48, 54, 60, 62, 66, 76, 81, 84, 85, 86, 88, 91, 106, 111, 118, 121, 129, 130, 131, 134, 154, 155, 157, 158, 159, 161, 162, 163, 166, 167, 171, 172, 173, 176, 177, 179, 180, 181, 182, 186, 188, 191, 206, 208, 209, 211, 214, 216], "excluded_lines": []}}}}, "totals": {"covered_lines": 268, "num_statements": 736, "percent_covered": 36.41304347826087, "percent_covered_display": "36", "missing_lines": 468, "excluded_lines": 0}}